<?xml version="1.0" encoding="UTF-8"?>
<testsuite xmlns:xsi="http://www.w3.org/2001/XMLSchema-instance" xsi:noNamespaceSchemaLocation="https://maven.apache.org/surefire/maven-surefire-plugin/xsd/surefire-test-report-3.0.xsd" version="3.0" name="com.in28minutes.rest.webservices.restfulwebservices.RestfulWebServicesApplicationTests" time="3.19" tests="1" errors="0" skipped="0" failures="0">
  <properties>
    <property name="socksProxyHost" value="127.0.0.1"/>
    <property name="http.proxyHost" value="127.0.0.1"/>
    <property name="java.specification.version" value="17"/>
    <property name="sun.jnu.encoding" value="UTF-8"/>
    <property name="java.class.path" value="/Users/ansarismagilov/Desktop/CODE/SpringPractise/Fullstack Deployment/target/test-classes:/Users/ansarismagilov/Desktop/CODE/SpringPractise/Fullstack Deployment/target/classes:/Users/ansarismagilov/.m2/repository/org/springframework/boot/spring-boot-starter-web/3.0.0-M4/spring-boot-starter-web-3.0.0-M4.jar:/Users/ansarismagilov/.m2/repository/org/springframework/boot/spring-boot-starter/3.0.0-M4/spring-boot-starter-3.0.0-M4.jar:/Users/ansarismagilov/.m2/repository/org/springframework/boot/spring-boot-starter-logging/3.0.0-M4/spring-boot-starter-logging-3.0.0-M4.jar:/Users/ansarismagilov/.m2/repository/ch/qos/logback/logback-classic/1.2.11/logback-classic-1.2.11.jar:/Users/ansarismagilov/.m2/repository/ch/qos/logback/logback-core/1.2.11/logback-core-1.2.11.jar:/Users/ansarismagilov/.m2/repository/org/apache/logging/log4j/log4j-to-slf4j/2.18.0/log4j-to-slf4j-2.18.0.jar:/Users/ansarismagilov/.m2/repository/org/apache/logging/log4j/log4j-api/2.18.0/log4j-api-2.18.0.jar:/Users/ansarismagilov/.m2/repository/org/slf4j/jul-to-slf4j/1.7.36/jul-to-slf4j-1.7.36.jar:/Users/ansarismagilov/.m2/repository/jakarta/annotation/jakarta.annotation-api/2.0.0/jakarta.annotation-api-2.0.0.jar:/Users/ansarismagilov/.m2/repository/org/yaml/snakeyaml/1.30/snakeyaml-1.30.jar:/Users/ansarismagilov/.m2/repository/org/springframework/boot/spring-boot-starter-json/3.0.0-M4/spring-boot-starter-json-3.0.0-M4.jar:/Users/ansarismagilov/.m2/repository/com/fasterxml/jackson/core/jackson-databind/2.13.3/jackson-databind-2.13.3.jar:/Users/ansarismagilov/.m2/repository/com/fasterxml/jackson/core/jackson-annotations/2.13.3/jackson-annotations-2.13.3.jar:/Users/ansarismagilov/.m2/repository/com/fasterxml/jackson/core/jackson-core/2.13.3/jackson-core-2.13.3.jar:/Users/ansarismagilov/.m2/repository/com/fasterxml/jackson/datatype/jackson-datatype-jdk8/2.13.3/jackson-datatype-jdk8-2.13.3.jar:/Users/ansarismagilov/.m2/repository/com/fasterxml/jackson/datatype/jackson-datatype-jsr310/2.13.3/jackson-datatype-jsr310-2.13.3.jar:/Users/ansarismagilov/.m2/repository/com/fasterxml/jackson/module/jackson-module-parameter-names/2.13.3/jackson-module-parameter-names-2.13.3.jar:/Users/ansarismagilov/.m2/repository/org/springframework/boot/spring-boot-starter-tomcat/3.0.0-M4/spring-boot-starter-tomcat-3.0.0-M4.jar:/Users/ansarismagilov/.m2/repository/org/apache/tomcat/embed/tomcat-embed-core/10.0.22/tomcat-embed-core-10.0.22.jar:/Users/ansarismagilov/.m2/repository/org/apache/tomcat/embed/tomcat-embed-websocket/10.0.22/tomcat-embed-websocket-10.0.22.jar:/Users/ansarismagilov/.m2/repository/org/springframework/spring-web/6.0.0-M5/spring-web-6.0.0-M5.jar:/Users/ansarismagilov/.m2/repository/org/springframework/spring-beans/6.0.0-M5/spring-beans-6.0.0-M5.jar:/Users/ansarismagilov/.m2/repository/org/springframework/spring-webmvc/6.0.0-M5/spring-webmvc-6.0.0-M5.jar:/Users/ansarismagilov/.m2/repository/org/springframework/spring-context/6.0.0-M5/spring-context-6.0.0-M5.jar:/Users/ansarismagilov/.m2/repository/org/springframework/spring-expression/6.0.0-M5/spring-expression-6.0.0-M5.jar:/Users/ansarismagilov/.m2/repository/org/springframework/boot/spring-boot-starter-validation/3.0.0-M4/spring-boot-starter-validation-3.0.0-M4.jar:/Users/ansarismagilov/.m2/repository/org/apache/tomcat/embed/tomcat-embed-el/10.0.22/tomcat-embed-el-10.0.22.jar:/Users/ansarismagilov/.m2/repository/org/hibernate/validator/hibernate-validator/7.0.4.Final/hibernate-validator-7.0.4.Final.jar:/Users/ansarismagilov/.m2/repository/jakarta/validation/jakarta.validation-api/3.0.2/jakarta.validation-api-3.0.2.jar:/Users/ansarismagilov/.m2/repository/org/jboss/logging/jboss-logging/3.5.0.Final/jboss-logging-3.5.0.Final.jar:/Users/ansarismagilov/.m2/repository/com/fasterxml/classmate/1.5.1/classmate-1.5.1.jar:/Users/ansarismagilov/.m2/repository/org/springframework/boot/spring-boot-devtools/3.0.0-M4/spring-boot-devtools-3.0.0-M4.jar:/Users/ansarismagilov/.m2/repository/org/springframework/boot/spring-boot/3.0.0-M4/spring-boot-3.0.0-M4.jar:/Users/ansarismagilov/.m2/repository/org/springframework/boot/spring-boot-autoconfigure/3.0.0-M4/spring-boot-autoconfigure-3.0.0-M4.jar:/Users/ansarismagilov/.m2/repository/org/springframework/boot/spring-boot-starter-test/3.0.0-M4/spring-boot-starter-test-3.0.0-M4.jar:/Users/ansarismagilov/.m2/repository/org/springframework/boot/spring-boot-test/3.0.0-M4/spring-boot-test-3.0.0-M4.jar:/Users/ansarismagilov/.m2/repository/org/springframework/boot/spring-boot-test-autoconfigure/3.0.0-M4/spring-boot-test-autoconfigure-3.0.0-M4.jar:/Users/ansarismagilov/.m2/repository/com/jayway/jsonpath/json-path/2.7.0/json-path-2.7.0.jar:/Users/ansarismagilov/.m2/repository/net/minidev/json-smart/2.4.8/json-smart-2.4.8.jar:/Users/ansarismagilov/.m2/repository/net/minidev/accessors-smart/2.4.8/accessors-smart-2.4.8.jar:/Users/ansarismagilov/.m2/repository/org/ow2/asm/asm/9.1/asm-9.1.jar:/Users/ansarismagilov/.m2/repository/org/slf4j/slf4j-api/1.7.36/slf4j-api-1.7.36.jar:/Users/ansarismagilov/.m2/repository/jakarta/xml/bind/jakarta.xml.bind-api/3.0.1/jakarta.xml.bind-api-3.0.1.jar:/Users/ansarismagilov/.m2/repository/com/sun/activation/jakarta.activation/2.0.1/jakarta.activation-2.0.1.jar:/Users/ansarismagilov/.m2/repository/org/assertj/assertj-core/3.23.1/assertj-core-3.23.1.jar:/Users/ansarismagilov/.m2/repository/net/bytebuddy/byte-buddy/1.12.12/byte-buddy-1.12.12.jar:/Users/ansarismagilov/.m2/repository/org/hamcrest/hamcrest/2.2/hamcrest-2.2.jar:/Users/ansarismagilov/.m2/repository/org/junit/jupiter/junit-jupiter/5.8.2/junit-jupiter-5.8.2.jar:/Users/ansarismagilov/.m2/repository/org/junit/jupiter/junit-jupiter-api/5.8.2/junit-jupiter-api-5.8.2.jar:/Users/ansarismagilov/.m2/repository/org/opentest4j/opentest4j/1.2.0/opentest4j-1.2.0.jar:/Users/ansarismagilov/.m2/repository/org/junit/platform/junit-platform-commons/1.8.2/junit-platform-commons-1.8.2.jar:/Users/ansarismagilov/.m2/repository/org/apiguardian/apiguardian-api/1.1.2/apiguardian-api-1.1.2.jar:/Users/ansarismagilov/.m2/repository/org/junit/jupiter/junit-jupiter-params/5.8.2/junit-jupiter-params-5.8.2.jar:/Users/ansarismagilov/.m2/repository/org/junit/jupiter/junit-jupiter-engine/5.8.2/junit-jupiter-engine-5.8.2.jar:/Users/ansarismagilov/.m2/repository/org/junit/platform/junit-platform-engine/1.8.2/junit-platform-engine-1.8.2.jar:/Users/ansarismagilov/.m2/repository/org/mockito/mockito-core/4.6.1/mockito-core-4.6.1.jar:/Users/ansarismagilov/.m2/repository/net/bytebuddy/byte-buddy-agent/1.12.12/byte-buddy-agent-1.12.12.jar:/Users/ansarismagilov/.m2/repository/org/objenesis/objenesis/3.2/objenesis-3.2.jar:/Users/ansarismagilov/.m2/repository/org/mockito/mockito-junit-jupiter/4.6.1/mockito-junit-jupiter-4.6.1.jar:/Users/ansarismagilov/.m2/repository/org/skyscreamer/jsonassert/1.5.1/jsonassert-1.5.1.jar:/Users/ansarismagilov/.m2/repository/com/vaadin/external/google/android-json/0.0.20131108.vaadin1/android-json-0.0.20131108.vaadin1.jar:/Users/ansarismagilov/.m2/repository/org/springframework/spring-core/6.0.0-M5/spring-core-6.0.0-M5.jar:/Users/ansarismagilov/.m2/repository/org/springframework/spring-jcl/6.0.0-M5/spring-jcl-6.0.0-M5.jar:/Users/ansarismagilov/.m2/repository/org/springframework/spring-test/6.0.0-M5/spring-test-6.0.0-M5.jar:/Users/ansarismagilov/.m2/repository/org/xmlunit/xmlunit-core/2.9.0/xmlunit-core-2.9.0.jar:/Users/ansarismagilov/.m2/repository/org/springframework/boot/spring-boot-starter-security/3.0.0-M4/spring-boot-starter-security-3.0.0-M4.jar:/Users/ansarismagilov/.m2/repository/org/springframework/spring-aop/6.0.0-M5/spring-aop-6.0.0-M5.jar:/Users/ansarismagilov/.m2/repository/org/springframework/security/spring-security-config/6.0.0-M6/spring-security-config-6.0.0-M6.jar:/Users/ansarismagilov/.m2/repository/org/springframework/security/spring-security-web/6.0.0-M6/spring-security-web-6.0.0-M6.jar:/Users/ansarismagilov/.m2/repository/org/springframework/security/spring-security-crypto/6.0.0-M6/spring-security-crypto-6.0.0-M6.jar:/Users/ansarismagilov/.m2/repository/com/mysql/mysql-connector-j/8.0.33/mysql-connector-j-8.0.33.jar:/Users/ansarismagilov/.m2/repository/com/google/protobuf/protobuf-java/3.21.9/protobuf-java-3.21.9.jar:/Users/ansarismagilov/.m2/repository/org/springframework/boot/spring-boot-starter-data-jpa/3.0.0-M4/spring-boot-starter-data-jpa-3.0.0-M4.jar:/Users/ansarismagilov/.m2/repository/org/springframework/boot/spring-boot-starter-aop/3.0.0-M4/spring-boot-starter-aop-3.0.0-M4.jar:/Users/ansarismagilov/.m2/repository/org/aspectj/aspectjweaver/1.9.9.1/aspectjweaver-1.9.9.1.jar:/Users/ansarismagilov/.m2/repository/org/springframework/boot/spring-boot-starter-jdbc/3.0.0-M4/spring-boot-starter-jdbc-3.0.0-M4.jar:/Users/ansarismagilov/.m2/repository/com/zaxxer/HikariCP/5.0.1/HikariCP-5.0.1.jar:/Users/ansarismagilov/.m2/repository/org/springframework/spring-jdbc/6.0.0-M5/spring-jdbc-6.0.0-M5.jar:/Users/ansarismagilov/.m2/repository/org/hibernate/orm/hibernate-core/6.1.1.Final/hibernate-core-6.1.1.Final.jar:/Users/ansarismagilov/.m2/repository/jakarta/persistence/jakarta.persistence-api/3.0.0/jakarta.persistence-api-3.0.0.jar:/Users/ansarismagilov/.m2/repository/jakarta/transaction/jakarta.transaction-api/2.0.1/jakarta.transaction-api-2.0.1.jar:/Users/ansarismagilov/.m2/repository/org/hibernate/common/hibernate-commons-annotations/6.0.2.Final/hibernate-commons-annotations-6.0.2.Final.jar:/Users/ansarismagilov/.m2/repository/org/jboss/jandex/2.4.2.Final/jandex-2.4.2.Final.jar:/Users/ansarismagilov/.m2/repository/org/glassfish/jaxb/jaxb-runtime/3.0.2/jaxb-runtime-3.0.2.jar:/Users/ansarismagilov/.m2/repository/org/glassfish/jaxb/jaxb-core/3.0.2/jaxb-core-3.0.2.jar:/Users/ansarismagilov/.m2/repository/org/glassfish/jaxb/txw2/3.0.2/txw2-3.0.2.jar:/Users/ansarismagilov/.m2/repository/com/sun/istack/istack-commons-runtime/4.0.1/istack-commons-runtime-4.0.1.jar:/Users/ansarismagilov/.m2/repository/jakarta/inject/jakarta.inject-api/2.0.0/jakarta.inject-api-2.0.0.jar:/Users/ansarismagilov/.m2/repository/org/antlr/antlr4-runtime/4.10/antlr4-runtime-4.10.jar:/Users/ansarismagilov/.m2/repository/org/springframework/data/spring-data-jpa/3.0.0-M5/spring-data-jpa-3.0.0-M5.jar:/Users/ansarismagilov/.m2/repository/org/springframework/data/spring-data-commons/3.0.0-M5/spring-data-commons-3.0.0-M5.jar:/Users/ansarismagilov/.m2/repository/org/springframework/spring-orm/6.0.0-M5/spring-orm-6.0.0-M5.jar:/Users/ansarismagilov/.m2/repository/org/springframework/spring-tx/6.0.0-M5/spring-tx-6.0.0-M5.jar:/Users/ansarismagilov/.m2/repository/org/springframework/spring-aspects/6.0.0-M5/spring-aspects-6.0.0-M5.jar:/Users/ansarismagilov/.m2/repository/org/springframework/boot/spring-boot-starter-oauth2-resource-server/3.0.0-M4/spring-boot-starter-oauth2-resource-server-3.0.0-M4.jar:/Users/ansarismagilov/.m2/repository/org/springframework/security/spring-security-core/6.0.0-M6/spring-security-core-6.0.0-M6.jar:/Users/ansarismagilov/.m2/repository/org/springframework/security/spring-security-oauth2-resource-server/6.0.0-M6/spring-security-oauth2-resource-server-6.0.0-M6.jar:/Users/ansarismagilov/.m2/repository/org/springframework/security/spring-security-oauth2-core/6.0.0-M6/spring-security-oauth2-core-6.0.0-M6.jar:/Users/ansarismagilov/.m2/repository/org/springframework/security/spring-security-oauth2-jose/6.0.0-M6/spring-security-oauth2-jose-6.0.0-M6.jar:/Users/ansarismagilov/.m2/repository/com/nimbusds/nimbus-jose-jwt/9.23/nimbus-jose-jwt-9.23.jar:/Users/ansarismagilov/.m2/repository/com/github/stephenc/jcip/jcip-annotations/1.0-1/jcip-annotations-1.0-1.jar:/Users/ansarismagilov/.m2/repository/org/springframework/boot/spring-boot-configuration-processor/3.0.0-M4/spring-boot-configuration-processor-3.0.0-M4.jar:"/>
    <property name="https.proxyPort" value="15236"/>
    <property name="java.vm.vendor" value="Oracle Corporation"/>
    <property name="sun.arch.data.model" value="64"/>
    <property name="java.vendor.url" value="https://java.oracle.com/"/>
    <property name="user.timezone" value="Asia/Shanghai"/>
    <property name="os.name" value="Mac OS X"/>
    <property name="java.vm.specification.version" value="17"/>
    <property name="sun.java.launcher" value="SUN_STANDARD"/>
    <property name="user.country" value="GB"/>
    <property name="sun.boot.library.path" value="/Library/Java/JavaVirtualMachines/jdk-17.jdk/Contents/Home/lib"/>
    <property name="sun.java.command" value="/Users/ansarismagilov/Desktop/CODE/SpringPractise/Fullstack Deployment/target/surefire/surefirebooter-20230904204525685_3.jar /Users/ansarismagilov/Desktop/CODE/SpringPractise/Fullstack Deployment/target/surefire 2023-09-04T20-45-25_589-jvmRun1 surefire-20230904204525685_1tmp surefire_0-20230904204525685_2tmp"/>
    <property name="http.nonProxyHosts" value="local|*.local|169.254/16|*.169.254/16"/>
    <property name="jdk.debug" value="release"/>
    <property name="surefire.test.class.path" value="/Users/ansarismagilov/Desktop/CODE/SpringPractise/Fullstack Deployment/target/test-classes:/Users/ansarismagilov/Desktop/CODE/SpringPractise/Fullstack Deployment/target/classes:/Users/ansarismagilov/.m2/repository/org/springframework/boot/spring-boot-starter-web/3.0.0-M4/spring-boot-starter-web-3.0.0-M4.jar:/Users/ansarismagilov/.m2/repository/org/springframework/boot/spring-boot-starter/3.0.0-M4/spring-boot-starter-3.0.0-M4.jar:/Users/ansarismagilov/.m2/repository/org/springframework/boot/spring-boot-starter-logging/3.0.0-M4/spring-boot-starter-logging-3.0.0-M4.jar:/Users/ansarismagilov/.m2/repository/ch/qos/logback/logback-classic/1.2.11/logback-classic-1.2.11.jar:/Users/ansarismagilov/.m2/repository/ch/qos/logback/logback-core/1.2.11/logback-core-1.2.11.jar:/Users/ansarismagilov/.m2/repository/org/apache/logging/log4j/log4j-to-slf4j/2.18.0/log4j-to-slf4j-2.18.0.jar:/Users/ansarismagilov/.m2/repository/org/apache/logging/log4j/log4j-api/2.18.0/log4j-api-2.18.0.jar:/Users/ansarismagilov/.m2/repository/org/slf4j/jul-to-slf4j/1.7.36/jul-to-slf4j-1.7.36.jar:/Users/ansarismagilov/.m2/repository/jakarta/annotation/jakarta.annotation-api/2.0.0/jakarta.annotation-api-2.0.0.jar:/Users/ansarismagilov/.m2/repository/org/yaml/snakeyaml/1.30/snakeyaml-1.30.jar:/Users/ansarismagilov/.m2/repository/org/springframework/boot/spring-boot-starter-json/3.0.0-M4/spring-boot-starter-json-3.0.0-M4.jar:/Users/ansarismagilov/.m2/repository/com/fasterxml/jackson/core/jackson-databind/2.13.3/jackson-databind-2.13.3.jar:/Users/ansarismagilov/.m2/repository/com/fasterxml/jackson/core/jackson-annotations/2.13.3/jackson-annotations-2.13.3.jar:/Users/ansarismagilov/.m2/repository/com/fasterxml/jackson/core/jackson-core/2.13.3/jackson-core-2.13.3.jar:/Users/ansarismagilov/.m2/repository/com/fasterxml/jackson/datatype/jackson-datatype-jdk8/2.13.3/jackson-datatype-jdk8-2.13.3.jar:/Users/ansarismagilov/.m2/repository/com/fasterxml/jackson/datatype/jackson-datatype-jsr310/2.13.3/jackson-datatype-jsr310-2.13.3.jar:/Users/ansarismagilov/.m2/repository/com/fasterxml/jackson/module/jackson-module-parameter-names/2.13.3/jackson-module-parameter-names-2.13.3.jar:/Users/ansarismagilov/.m2/repository/org/springframework/boot/spring-boot-starter-tomcat/3.0.0-M4/spring-boot-starter-tomcat-3.0.0-M4.jar:/Users/ansarismagilov/.m2/repository/org/apache/tomcat/embed/tomcat-embed-core/10.0.22/tomcat-embed-core-10.0.22.jar:/Users/ansarismagilov/.m2/repository/org/apache/tomcat/embed/tomcat-embed-websocket/10.0.22/tomcat-embed-websocket-10.0.22.jar:/Users/ansarismagilov/.m2/repository/org/springframework/spring-web/6.0.0-M5/spring-web-6.0.0-M5.jar:/Users/ansarismagilov/.m2/repository/org/springframework/spring-beans/6.0.0-M5/spring-beans-6.0.0-M5.jar:/Users/ansarismagilov/.m2/repository/org/springframework/spring-webmvc/6.0.0-M5/spring-webmvc-6.0.0-M5.jar:/Users/ansarismagilov/.m2/repository/org/springframework/spring-context/6.0.0-M5/spring-context-6.0.0-M5.jar:/Users/ansarismagilov/.m2/repository/org/springframework/spring-expression/6.0.0-M5/spring-expression-6.0.0-M5.jar:/Users/ansarismagilov/.m2/repository/org/springframework/boot/spring-boot-starter-validation/3.0.0-M4/spring-boot-starter-validation-3.0.0-M4.jar:/Users/ansarismagilov/.m2/repository/org/apache/tomcat/embed/tomcat-embed-el/10.0.22/tomcat-embed-el-10.0.22.jar:/Users/ansarismagilov/.m2/repository/org/hibernate/validator/hibernate-validator/7.0.4.Final/hibernate-validator-7.0.4.Final.jar:/Users/ansarismagilov/.m2/repository/jakarta/validation/jakarta.validation-api/3.0.2/jakarta.validation-api-3.0.2.jar:/Users/ansarismagilov/.m2/repository/org/jboss/logging/jboss-logging/3.5.0.Final/jboss-logging-3.5.0.Final.jar:/Users/ansarismagilov/.m2/repository/com/fasterxml/classmate/1.5.1/classmate-1.5.1.jar:/Users/ansarismagilov/.m2/repository/org/springframework/boot/spring-boot-devtools/3.0.0-M4/spring-boot-devtools-3.0.0-M4.jar:/Users/ansarismagilov/.m2/repository/org/springframework/boot/spring-boot/3.0.0-M4/spring-boot-3.0.0-M4.jar:/Users/ansarismagilov/.m2/repository/org/springframework/boot/spring-boot-autoconfigure/3.0.0-M4/spring-boot-autoconfigure-3.0.0-M4.jar:/Users/ansarismagilov/.m2/repository/org/springframework/boot/spring-boot-starter-test/3.0.0-M4/spring-boot-starter-test-3.0.0-M4.jar:/Users/ansarismagilov/.m2/repository/org/springframework/boot/spring-boot-test/3.0.0-M4/spring-boot-test-3.0.0-M4.jar:/Users/ansarismagilov/.m2/repository/org/springframework/boot/spring-boot-test-autoconfigure/3.0.0-M4/spring-boot-test-autoconfigure-3.0.0-M4.jar:/Users/ansarismagilov/.m2/repository/com/jayway/jsonpath/json-path/2.7.0/json-path-2.7.0.jar:/Users/ansarismagilov/.m2/repository/net/minidev/json-smart/2.4.8/json-smart-2.4.8.jar:/Users/ansarismagilov/.m2/repository/net/minidev/accessors-smart/2.4.8/accessors-smart-2.4.8.jar:/Users/ansarismagilov/.m2/repository/org/ow2/asm/asm/9.1/asm-9.1.jar:/Users/ansarismagilov/.m2/repository/org/slf4j/slf4j-api/1.7.36/slf4j-api-1.7.36.jar:/Users/ansarismagilov/.m2/repository/jakarta/xml/bind/jakarta.xml.bind-api/3.0.1/jakarta.xml.bind-api-3.0.1.jar:/Users/ansarismagilov/.m2/repository/com/sun/activation/jakarta.activation/2.0.1/jakarta.activation-2.0.1.jar:/Users/ansarismagilov/.m2/repository/org/assertj/assertj-core/3.23.1/assertj-core-3.23.1.jar:/Users/ansarismagilov/.m2/repository/net/bytebuddy/byte-buddy/1.12.12/byte-buddy-1.12.12.jar:/Users/ansarismagilov/.m2/repository/org/hamcrest/hamcrest/2.2/hamcrest-2.2.jar:/Users/ansarismagilov/.m2/repository/org/junit/jupiter/junit-jupiter/5.8.2/junit-jupiter-5.8.2.jar:/Users/ansarismagilov/.m2/repository/org/junit/jupiter/junit-jupiter-api/5.8.2/junit-jupiter-api-5.8.2.jar:/Users/ansarismagilov/.m2/repository/org/opentest4j/opentest4j/1.2.0/opentest4j-1.2.0.jar:/Users/ansarismagilov/.m2/repository/org/junit/platform/junit-platform-commons/1.8.2/junit-platform-commons-1.8.2.jar:/Users/ansarismagilov/.m2/repository/org/apiguardian/apiguardian-api/1.1.2/apiguardian-api-1.1.2.jar:/Users/ansarismagilov/.m2/repository/org/junit/jupiter/junit-jupiter-params/5.8.2/junit-jupiter-params-5.8.2.jar:/Users/ansarismagilov/.m2/repository/org/junit/jupiter/junit-jupiter-engine/5.8.2/junit-jupiter-engine-5.8.2.jar:/Users/ansarismagilov/.m2/repository/org/junit/platform/junit-platform-engine/1.8.2/junit-platform-engine-1.8.2.jar:/Users/ansarismagilov/.m2/repository/org/mockito/mockito-core/4.6.1/mockito-core-4.6.1.jar:/Users/ansarismagilov/.m2/repository/net/bytebuddy/byte-buddy-agent/1.12.12/byte-buddy-agent-1.12.12.jar:/Users/ansarismagilov/.m2/repository/org/objenesis/objenesis/3.2/objenesis-3.2.jar:/Users/ansarismagilov/.m2/repository/org/mockito/mockito-junit-jupiter/4.6.1/mockito-junit-jupiter-4.6.1.jar:/Users/ansarismagilov/.m2/repository/org/skyscreamer/jsonassert/1.5.1/jsonassert-1.5.1.jar:/Users/ansarismagilov/.m2/repository/com/vaadin/external/google/android-json/0.0.20131108.vaadin1/android-json-0.0.20131108.vaadin1.jar:/Users/ansarismagilov/.m2/repository/org/springframework/spring-core/6.0.0-M5/spring-core-6.0.0-M5.jar:/Users/ansarismagilov/.m2/repository/org/springframework/spring-jcl/6.0.0-M5/spring-jcl-6.0.0-M5.jar:/Users/ansarismagilov/.m2/repository/org/springframework/spring-test/6.0.0-M5/spring-test-6.0.0-M5.jar:/Users/ansarismagilov/.m2/repository/org/xmlunit/xmlunit-core/2.9.0/xmlunit-core-2.9.0.jar:/Users/ansarismagilov/.m2/repository/org/springframework/boot/spring-boot-starter-security/3.0.0-M4/spring-boot-starter-security-3.0.0-M4.jar:/Users/ansarismagilov/.m2/repository/org/springframework/spring-aop/6.0.0-M5/spring-aop-6.0.0-M5.jar:/Users/ansarismagilov/.m2/repository/org/springframework/security/spring-security-config/6.0.0-M6/spring-security-config-6.0.0-M6.jar:/Users/ansarismagilov/.m2/repository/org/springframework/security/spring-security-web/6.0.0-M6/spring-security-web-6.0.0-M6.jar:/Users/ansarismagilov/.m2/repository/org/springframework/security/spring-security-crypto/6.0.0-M6/spring-security-crypto-6.0.0-M6.jar:/Users/ansarismagilov/.m2/repository/com/mysql/mysql-connector-j/8.0.33/mysql-connector-j-8.0.33.jar:/Users/ansarismagilov/.m2/repository/com/google/protobuf/protobuf-java/3.21.9/protobuf-java-3.21.9.jar:/Users/ansarismagilov/.m2/repository/org/springframework/boot/spring-boot-starter-data-jpa/3.0.0-M4/spring-boot-starter-data-jpa-3.0.0-M4.jar:/Users/ansarismagilov/.m2/repository/org/springframework/boot/spring-boot-starter-aop/3.0.0-M4/spring-boot-starter-aop-3.0.0-M4.jar:/Users/ansarismagilov/.m2/repository/org/aspectj/aspectjweaver/1.9.9.1/aspectjweaver-1.9.9.1.jar:/Users/ansarismagilov/.m2/repository/org/springframework/boot/spring-boot-starter-jdbc/3.0.0-M4/spring-boot-starter-jdbc-3.0.0-M4.jar:/Users/ansarismagilov/.m2/repository/com/zaxxer/HikariCP/5.0.1/HikariCP-5.0.1.jar:/Users/ansarismagilov/.m2/repository/org/springframework/spring-jdbc/6.0.0-M5/spring-jdbc-6.0.0-M5.jar:/Users/ansarismagilov/.m2/repository/org/hibernate/orm/hibernate-core/6.1.1.Final/hibernate-core-6.1.1.Final.jar:/Users/ansarismagilov/.m2/repository/jakarta/persistence/jakarta.persistence-api/3.0.0/jakarta.persistence-api-3.0.0.jar:/Users/ansarismagilov/.m2/repository/jakarta/transaction/jakarta.transaction-api/2.0.1/jakarta.transaction-api-2.0.1.jar:/Users/ansarismagilov/.m2/repository/org/hibernate/common/hibernate-commons-annotations/6.0.2.Final/hibernate-commons-annotations-6.0.2.Final.jar:/Users/ansarismagilov/.m2/repository/org/jboss/jandex/2.4.2.Final/jandex-2.4.2.Final.jar:/Users/ansarismagilov/.m2/repository/org/glassfish/jaxb/jaxb-runtime/3.0.2/jaxb-runtime-3.0.2.jar:/Users/ansarismagilov/.m2/repository/org/glassfish/jaxb/jaxb-core/3.0.2/jaxb-core-3.0.2.jar:/Users/ansarismagilov/.m2/repository/org/glassfish/jaxb/txw2/3.0.2/txw2-3.0.2.jar:/Users/ansarismagilov/.m2/repository/com/sun/istack/istack-commons-runtime/4.0.1/istack-commons-runtime-4.0.1.jar:/Users/ansarismagilov/.m2/repository/jakarta/inject/jakarta.inject-api/2.0.0/jakarta.inject-api-2.0.0.jar:/Users/ansarismagilov/.m2/repository/org/antlr/antlr4-runtime/4.10/antlr4-runtime-4.10.jar:/Users/ansarismagilov/.m2/repository/org/springframework/data/spring-data-jpa/3.0.0-M5/spring-data-jpa-3.0.0-M5.jar:/Users/ansarismagilov/.m2/repository/org/springframework/data/spring-data-commons/3.0.0-M5/spring-data-commons-3.0.0-M5.jar:/Users/ansarismagilov/.m2/repository/org/springframework/spring-orm/6.0.0-M5/spring-orm-6.0.0-M5.jar:/Users/ansarismagilov/.m2/repository/org/springframework/spring-tx/6.0.0-M5/spring-tx-6.0.0-M5.jar:/Users/ansarismagilov/.m2/repository/org/springframework/spring-aspects/6.0.0-M5/spring-aspects-6.0.0-M5.jar:/Users/ansarismagilov/.m2/repository/org/springframework/boot/spring-boot-starter-oauth2-resource-server/3.0.0-M4/spring-boot-starter-oauth2-resource-server-3.0.0-M4.jar:/Users/ansarismagilov/.m2/repository/org/springframework/security/spring-security-core/6.0.0-M6/spring-security-core-6.0.0-M6.jar:/Users/ansarismagilov/.m2/repository/org/springframework/security/spring-security-oauth2-resource-server/6.0.0-M6/spring-security-oauth2-resource-server-6.0.0-M6.jar:/Users/ansarismagilov/.m2/repository/org/springframework/security/spring-security-oauth2-core/6.0.0-M6/spring-security-oauth2-core-6.0.0-M6.jar:/Users/ansarismagilov/.m2/repository/org/springframework/security/spring-security-oauth2-jose/6.0.0-M6/spring-security-oauth2-jose-6.0.0-M6.jar:/Users/ansarismagilov/.m2/repository/com/nimbusds/nimbus-jose-jwt/9.23/nimbus-jose-jwt-9.23.jar:/Users/ansarismagilov/.m2/repository/com/github/stephenc/jcip/jcip-annotations/1.0-1/jcip-annotations-1.0-1.jar:/Users/ansarismagilov/.m2/repository/org/springframework/boot/spring-boot-configuration-processor/3.0.0-M4/spring-boot-configuration-processor-3.0.0-M4.jar:"/>
    <property name="sun.cpu.endian" value="little"/>
    <property name="user.home" value="/Users/ansarismagilov"/>
    <property name="user.language" value="en"/>
    <property name="java.specification.vendor" value="Oracle Corporation"/>
    <property name="java.version.date" value="2023-04-18"/>
    <property name="java.home" value="/Library/Java/JavaVirtualMachines/jdk-17.jdk/Contents/Home"/>
    <property name="file.separator" value="/"/>
    <property name="https.proxyHost" value="127.0.0.1"/>
    <property name="basedir" value="/Users/ansarismagilov/Desktop/CODE/SpringPractise/Fullstack Deployment"/>
    <property name="java.vm.compressedOopsMode" value="Zero based"/>
    <property name="line.separator" value="&#10;"/>
    <property name="java.vm.specification.vendor" value="Oracle Corporation"/>
    <property name="java.specification.name" value="Java Platform API Specification"/>
    <property name="FILE_LOG_CHARSET" value="UTF-8"/>
    <property name="java.awt.headless" value="true"/>
    <property name="surefire.real.class.path" value="/Users/ansarismagilov/Desktop/CODE/SpringPractise/Fullstack Deployment/target/surefire/surefirebooter-20230904204525685_3.jar"/>
    <property name="sun.management.compiler" value="HotSpot 64-Bit Tiered Compilers"/>
    <property name="ftp.nonProxyHosts" value="local|*.local|169.254/16|*.169.254/16"/>
    <property name="java.runtime.version" value="17.0.7+8-LTS-224"/>
    <property name="user.name" value="ansarismagilov"/>
    <property name="path.separator" value=":"/>
    <property name="os.version" value="13.5"/>
    <property name="java.runtime.name" value="Java(TM) SE Runtime Environment"/>
    <property name="file.encoding" value="UTF-8"/>
    <property name="spring.beaninfo.ignore" value="true"/>
    <property name="java.vm.name" value="Java HotSpot(TM) 64-Bit Server VM"/>
    <property name="localRepository" value="/Users/ansarismagilov/.m2/repository"/>
    <property name="java.vendor.url.bug" value="https://bugreport.java.com/bugreport/"/>
    <property name="java.io.tmpdir" value="/var/folders/dh/4rq_5vw54sb6llq868k1bb5c0000gn/T/"/>
    <property name="com.zaxxer.hikari.pool_number" value="1"/>
    <property name="java.version" value="17.0.7"/>
    <property name="user.dir" value="/Users/ansarismagilov/Desktop/CODE/SpringPractise/Fullstack Deployment"/>
    <property name="os.arch" value="aarch64"/>
    <property name="socksProxyPort" value="15235"/>
    <property name="java.vm.specification.name" value="Java Virtual Machine Specification"/>
    <property name="PID" value="56646"/>
    <property name="CONSOLE_LOG_CHARSET" value="UTF-8"/>
    <property name="native.encoding" value="UTF-8"/>
    <property name="java.library.path" value="/Users/ansarismagilov/Library/Java/Extensions:/Library/Java/Extensions:/Network/Library/Java/Extensions:/System/Library/Java/Extensions:/usr/lib/java:."/>
    <property name="java.vm.info" value="mixed mode, sharing"/>
    <property name="java.vendor" value="Oracle Corporation"/>
    <property name="java.vm.version" value="17.0.7+8-LTS-224"/>
    <property name="sun.io.unicode.encoding" value="UnicodeBig"/>
    <property name="socksNonProxyHosts" value="local|*.local|169.254/16|*.169.254/16"/>
    <property name="java.class.version" value="61.0"/>
    <property name="http.proxyPort" value="15236"/>
  </properties>
  <testcase name="contextLoads" classname="com.in28minutes.rest.webservices.restfulwebservices.RestfulWebServicesApplicationTests" time="0.075">
    <system-out><![CDATA[20:45:26.149 [main] DEBUG org.springframework.test.context.BootstrapUtils - Instantiating CacheAwareContextLoaderDelegate from class [org.springframework.test.context.cache.DefaultCacheAwareContextLoaderDelegate]
20:45:26.157 [main] DEBUG org.springframework.test.context.BootstrapUtils - Instantiating BootstrapContext using constructor [public org.springframework.test.context.support.DefaultBootstrapContext(java.lang.Class,org.springframework.test.context.CacheAwareContextLoaderDelegate)]
20:45:26.173 [main] DEBUG org.springframework.test.context.BootstrapUtils - Instantiating TestContextBootstrapper for test class [com.in28minutes.rest.webservices.restfulwebservices.RestfulWebServicesApplicationTests] from class [org.springframework.boot.test.context.SpringBootTestContextBootstrapper]
20:45:26.179 [main] INFO org.springframework.boot.test.context.SpringBootTestContextBootstrapper - Neither @ContextConfiguration nor @ContextHierarchy found for test class [com.in28minutes.rest.webservices.restfulwebservices.RestfulWebServicesApplicationTests], using SpringBootContextLoader
20:45:26.181 [main] DEBUG org.springframework.test.context.support.AbstractContextLoader - Did not detect default resource location for test class [com.in28minutes.rest.webservices.restfulwebservices.RestfulWebServicesApplicationTests]: class path resource [com/in28minutes/rest/webservices/restfulwebservices/RestfulWebServicesApplicationTests-context.xml] does not exist
20:45:26.181 [main] DEBUG org.springframework.test.context.support.AbstractContextLoader - Did not detect default resource location for test class [com.in28minutes.rest.webservices.restfulwebservices.RestfulWebServicesApplicationTests]: class path resource [com/in28minutes/rest/webservices/restfulwebservices/RestfulWebServicesApplicationTestsContext.groovy] does not exist
20:45:26.181 [main] INFO org.springframework.test.context.support.AbstractContextLoader - Could not detect default resource locations for test class [com.in28minutes.rest.webservices.restfulwebservices.RestfulWebServicesApplicationTests]: no resource found for suffixes {-context.xml, Context.groovy}.
20:45:26.181 [main] INFO org.springframework.test.context.support.AnnotationConfigContextLoaderUtils - Could not detect default configuration classes for test class [com.in28minutes.rest.webservices.restfulwebservices.RestfulWebServicesApplicationTests]: RestfulWebServicesApplicationTests does not declare any static, non-private, non-final, nested classes annotated with @Configuration.
20:45:26.204 [main] DEBUG org.springframework.test.context.support.ActiveProfilesUtils - Could not find an 'annotation declaring class' for annotation type [org.springframework.test.context.ActiveProfiles] and class [com.in28minutes.rest.webservices.restfulwebservices.RestfulWebServicesApplicationTests]
20:45:26.234 [main] DEBUG org.springframework.context.annotation.ClassPathScanningCandidateComponentProvider - Identified candidate component class: file [/Users/ansarismagilov/Desktop/CODE/SpringPractise/Fullstack Deployment/target/classes/com/in28minutes/rest/webservices/restfulwebservices/RestfulWebServicesApplication.class]
20:45:26.234 [main] INFO org.springframework.boot.test.context.SpringBootTestContextBootstrapper - Found @SpringBootConfiguration com.in28minutes.rest.webservices.restfulwebservices.RestfulWebServicesApplication for test class com.in28minutes.rest.webservices.restfulwebservices.RestfulWebServicesApplicationTests
20:45:26.271 [main] DEBUG org.springframework.boot.test.context.SpringBootTestContextBootstrapper - @TestExecutionListeners is not present for class [com.in28minutes.rest.webservices.restfulwebservices.RestfulWebServicesApplicationTests]: using defaults.
20:45:26.281 [main] INFO org.springframework.boot.test.context.SpringBootTestContextBootstrapper - Loaded default TestExecutionListener implementations from location [META-INF/spring.factories]: [org.springframework.test.context.web.ServletTestExecutionListener, org.springframework.test.context.support.DirtiesContextBeforeModesTestExecutionListener, org.springframework.test.context.event.ApplicationEventsTestExecutionListener, org.springframework.boot.test.mock.mockito.MockitoTestExecutionListener, org.springframework.test.context.support.DependencyInjectionTestExecutionListener, org.springframework.test.context.support.DirtiesContextTestExecutionListener, org.springframework.test.context.transaction.TransactionalTestExecutionListener, org.springframework.test.context.jdbc.SqlScriptsTestExecutionListener, org.springframework.test.context.event.EventPublishingTestExecutionListener, org.springframework.boot.test.mock.mockito.ResetMocksTestExecutionListener, org.springframework.boot.test.autoconfigure.restdocs.RestDocsTestExecutionListener, org.springframework.boot.test.autoconfigure.web.client.MockRestServiceServerResetTestExecutionListener, org.springframework.boot.test.autoconfigure.web.servlet.MockMvcPrintOnlyOnFailureTestExecutionListener, org.springframework.boot.test.autoconfigure.web.servlet.WebDriverTestExecutionListener, org.springframework.boot.test.autoconfigure.webservices.client.MockWebServiceServerTestExecutionListener]
20:45:26.283 [main] INFO org.springframework.boot.test.context.SpringBootTestContextBootstrapper - Using TestExecutionListeners: [org.springframework.test.context.web.ServletTestExecutionListener@4f5991f6, org.springframework.test.context.support.DirtiesContextBeforeModesTestExecutionListener@484094a5, org.springframework.test.context.event.ApplicationEventsTestExecutionListener@38234a38, org.springframework.boot.test.mock.mockito.MockitoTestExecutionListener@63fbfaeb, org.springframework.boot.test.autoconfigure.SpringBootDependencyInjectionTestExecutionListener@602e0143, org.springframework.test.context.support.DirtiesContextTestExecutionListener@2c07545f, org.springframework.test.context.transaction.TransactionalTestExecutionListener@e57b96d, org.springframework.test.context.jdbc.SqlScriptsTestExecutionListener@32c726ee, org.springframework.test.context.event.EventPublishingTestExecutionListener@22f31dec, org.springframework.boot.test.mock.mockito.ResetMocksTestExecutionListener@34c01041, org.springframework.boot.test.autoconfigure.restdocs.RestDocsTestExecutionListener@76f4b65, org.springframework.boot.test.autoconfigure.web.client.MockRestServiceServerResetTestExecutionListener@c94fd30, org.springframework.boot.test.autoconfigure.web.servlet.MockMvcPrintOnlyOnFailureTestExecutionListener@36328d33, org.springframework.boot.test.autoconfigure.web.servlet.WebDriverTestExecutionListener@2c4d1ac, org.springframework.boot.test.autoconfigure.webservices.client.MockWebServiceServerTestExecutionListener@7f0d96f2]
20:45:26.286 [main] DEBUG org.springframework.test.context.support.AbstractDirtiesContextTestExecutionListener - Before test class: context [DefaultTestContext@5ce8d869 testClass = RestfulWebServicesApplicationTests, testInstance = [null], testMethod = [null], testException = [null], mergedContextConfiguration = [WebMergedContextConfiguration@27eedb64 testClass = RestfulWebServicesApplicationTests, locations = '{}', classes = '{class com.in28minutes.rest.webservices.restfulwebservices.RestfulWebServicesApplication}', contextInitializerClasses = '[]', activeProfiles = '{}', propertySourceLocations = '{}', propertySourceProperties = '{org.springframework.boot.test.context.SpringBootTestContextBootstrapper=true}', contextCustomizers = set[org.springframework.boot.test.context.filter.ExcludeFilterContextCustomizer@3c7f66c4, org.springframework.boot.test.json.DuplicateJsonObjectContextCustomizerFactory$DuplicateJsonObjectContextCustomizer@f0da945, org.springframework.boot.test.mock.mockito.MockitoContextCustomizer@0, org.springframework.boot.test.web.client.TestRestTemplateContextCustomizer@27462a88, org.springframework.boot.test.autoconfigure.actuate.observability.ObservabilityContextCustomizerFactory$DisableObservabilityContextCustomizer@9da1, org.springframework.boot.test.autoconfigure.properties.PropertyMappingContextCustomizer@0, org.springframework.boot.test.autoconfigure.web.servlet.WebDriverContextCustomizerFactory$Customizer@5a45133e, org.springframework.boot.test.context.SpringBootTestArgs@1, org.springframework.boot.test.context.SpringBootTestWebEnvironment@262b2c86], resourceBasePath = 'src/main/webapp', contextLoader = 'org.springframework.boot.test.context.SpringBootContextLoader', parent = [null]], attributes = map['org.springframework.test.context.web.ServletTestExecutionListener.activateListener' -> true]], class annotated with @DirtiesContext [false] with mode [null].

  .   ____          _            __ _ _
 /\\ / ___'_ __ _ _(_)_ __  __ _ \ \ \ \
( ( )\___ | '_ | '_| | '_ \/ _` | \ \ \ \
 \\/  ___)| |_)| | | | | || (_| |  ) ) ) )
  '  |____| .__|_| |_|_| |_\__, | / / / /
 =========|_|==============|___/=/_/_/_/
 :: Spring Boot ::             (v3.0.0-M4)

2023-09-04T20:45:26.448+08:00  INFO 56646 --- [           main] r.w.r.RestfulWebServicesApplicationTests : Starting RestfulWebServicesApplicationTests using Java 17.0.7 on MacBook-Pro-Ansar.local with PID 56646 (started by ansarismagilov in /Users/ansarismagilov/Desktop/CODE/SpringPractise/Fullstack Deployment)
2023-09-04T20:45:26.449+08:00  INFO 56646 --- [           main] r.w.r.RestfulWebServicesApplicationTests : No active profile set, falling back to 1 default profile: "default"
2023-09-04T20:45:26.833+08:00  INFO 56646 --- [           main] .s.d.r.c.RepositoryConfigurationDelegate : Bootstrapping Spring Data JPA repositories in DEFAULT mode.
2023-09-04T20:45:26.857+08:00  INFO 56646 --- [           main] .s.d.r.c.RepositoryConfigurationDelegate : Finished Spring Data repository scanning in 19 ms. Found 2 JPA repository interfaces.
2023-09-04T20:45:27.122+08:00  INFO 56646 --- [           main] o.hibernate.jpa.internal.util.LogHelper  : HHH000204: Processing PersistenceUnitInfo [name: default]
2023-09-04T20:45:27.148+08:00  INFO 56646 --- [           main] org.hibernate.Version                    : HHH000412: Hibernate ORM core version 6.1.1.Final
2023-09-04T20:45:27.246+08:00  WARN 56646 --- [           main] org.hibernate.orm.deprecation            : HHH90000021: Encountered deprecated setting [javax.persistence.sharedCache.mode], use [jakarta.persistence.sharedCache.mode] instead
2023-09-04T20:45:27.290+08:00  INFO 56646 --- [           main] com.zaxxer.hikari.HikariDataSource       : HikariPool-1 - Starting...
2023-09-04T20:45:27.541+08:00  INFO 56646 --- [           main] com.zaxxer.hikari.pool.HikariPool        : HikariPool-1 - Added connection com.mysql.cj.jdbc.ConnectionImpl@2864f887
2023-09-04T20:45:27.543+08:00  INFO 56646 --- [           main] com.zaxxer.hikari.HikariDataSource       : HikariPool-1 - Start completed.
2023-09-04T20:45:27.559+08:00  INFO 56646 --- [           main] SQL dialect                              : HHH000400: Using dialect: org.hibernate.dialect.MySQL8Dialect
2023-09-04T20:45:27.560+08:00  WARN 56646 --- [           main] org.hibernate.orm.deprecation            : HHH90000026: MySQL8Dialect has been deprecated; use org.hibernate.dialect.MySQLDialect instead
2023-09-04T20:45:28.104+08:00  INFO 56646 --- [           main] o.h.e.t.j.p.i.JtaPlatformInitiator       : HHH000490: Using JtaPlatform implementation: [org.hibernate.engine.transaction.jta.platform.internal.NoJtaPlatform]
2023-09-04T20:45:28.108+08:00  INFO 56646 --- [           main] j.LocalContainerEntityManagerFactoryBean : Initialized JPA EntityManagerFactory for persistence unit 'default'
2023-09-04T20:45:28.854+08:00  WARN 56646 --- [           main] JpaBaseConfiguration$JpaWebConfiguration : spring.jpa.open-in-view is enabled by default. Therefore, database queries may be performed during view rendering. Explicitly configure spring.jpa.open-in-view to disable this warning
2023-09-04T20:45:29.034+08:00  INFO 56646 --- [           main] o.s.s.web.DefaultSecurityFilterChain     : Will secure any request with [org.springframework.security.web.session.DisableEncodeUrlFilter@62fbefad, org.springframework.security.web.context.request.async.WebAsyncManagerIntegrationFilter@79f59e0e, org.springframework.security.web.context.SecurityContextHolderFilter@4bec6682, org.springframework.security.web.header.HeaderWriterFilter@10f384a2, org.springframework.security.web.authentication.logout.LogoutFilter@9863ed5, org.springframework.security.oauth2.server.resource.web.BearerTokenAuthenticationFilter@6560f387, org.springframework.security.web.authentication.www.BasicAuthenticationFilter@19b8f1bd, org.springframework.security.web.savedrequest.RequestCacheAwareFilter@7f839ec5, org.springframework.security.web.servletapi.SecurityContextHolderAwareRequestFilter@23f539df, org.springframework.security.web.authentication.AnonymousAuthenticationFilter@279ebd94, org.springframework.security.web.session.SessionManagementFilter@116efe65, org.springframework.security.web.access.ExceptionTranslationFilter@6b468710, org.springframework.security.web.access.intercept.FilterSecurityInterceptor@47bfde21]
2023-09-04T20:45:29.200+08:00  INFO 56646 --- [           main] r.w.r.RestfulWebServicesApplicationTests : Started RestfulWebServicesApplicationTests in 2.895 seconds (process running for 3.44)
]]></system-out>
  </testcase>
</testsuite>